[2023-05-13 13:50:41,562] multiqc                                            [DEBUG  ]  This is MultiQC v1.11
[2023-05-13 13:50:41,562] multiqc                                            [DEBUG  ]  No MultiQC config found: /home/haniel.cedraz/miniconda3/lib/python3.7/site-packages/multiqc_config.yaml
[2023-05-13 13:50:41,562] multiqc                                            [DEBUG  ]  No MultiQC config found: /home/haniel.cedraz/.multiqc_config.yaml
[2023-05-13 13:50:41,562] multiqc                                            [DEBUG  ]  No MultiQC config found: multiqc_config.yaml
[2023-05-13 13:50:41,562] multiqc                                            [DEBUG  ]  Command used: /home/haniel.cedraz/miniconda3/bin/multiqc fastqc_raw/T16A_ACAGTG_L001_R1_001_fastqc.html fastqc_raw/T16A_ACAGTG_L001_R1_001_fastqc.zip fastqc_raw/T16A_ACAGTG_L001_R2_001_fastqc.html fastqc_raw/T16A_ACAGTG_L001_R2_001_fastqc.zip fastqc_raw/T17N_CAGATC_L001_R1_001_fastqc.html fastqc_raw/T17N_CAGATC_L001_R1_001_fastqc.zip fastqc_raw/T17N_CAGATC_L001_R2_001_fastqc.html fastqc_raw/T17N_CAGATC_L001_R2_001_fastqc.zip fastqc_raw/T42N_CTTGTA_L001_R1_001_fastqc.html fastqc_raw/T42N_CTTGTA_L001_R1_001_fastqc.zip fastqc_raw/T42N_CTTGTA_L001_R2_001_fastqc.html fastqc_raw/T42N_CTTGTA_L001_R2_001_fastqc.zip fastqc_raw/T44N_TGACCA_L001_R1_001_fastqc.html fastqc_raw/T44N_TGACCA_L001_R1_001_fastqc.zip fastqc_raw/T44N_TGACCA_L001_R2_001_fastqc.html fastqc_raw/T44N_TGACCA_L001_R2_001_fastqc.zip fastqc_raw/T47A_GCCAAT_L001_R1_001_fastqc.html fastqc_raw/T47A_GCCAAT_L001_R1_001_fastqc.zip fastqc_raw/T47A_GCCAAT_L001_R2_001_fastqc.html fastqc_raw/T47A_GCCAAT_L001_R2_001_fastqc.zip fastqc_raw/T49A_CGATGT_L001_R1_001_fastqc.html fastqc_raw/T49A_CGATGT_L001_R1_001_fastqc.zip fastqc_raw/T49A_CGATGT_L001_R2_001_fastqc.html fastqc_raw/T49A_CGATGT_L001_R2_001_fastqc.zip -o multiqc_raw/
[2023-05-13 13:50:44,590] multiqc                                            [WARNING]  MultiQC Version v1.14 now available!
[2023-05-13 13:50:44,590] multiqc                                            [DEBUG  ]  Command     : /home/haniel.cedraz/miniconda3/bin/multiqc fastqc_raw/T16A_ACAGTG_L001_R1_001_fastqc.html fastqc_raw/T16A_ACAGTG_L001_R1_001_fastqc.zip fastqc_raw/T16A_ACAGTG_L001_R2_001_fastqc.html fastqc_raw/T16A_ACAGTG_L001_R2_001_fastqc.zip fastqc_raw/T17N_CAGATC_L001_R1_001_fastqc.html fastqc_raw/T17N_CAGATC_L001_R1_001_fastqc.zip fastqc_raw/T17N_CAGATC_L001_R2_001_fastqc.html fastqc_raw/T17N_CAGATC_L001_R2_001_fastqc.zip fastqc_raw/T42N_CTTGTA_L001_R1_001_fastqc.html fastqc_raw/T42N_CTTGTA_L001_R1_001_fastqc.zip fastqc_raw/T42N_CTTGTA_L001_R2_001_fastqc.html fastqc_raw/T42N_CTTGTA_L001_R2_001_fastqc.zip fastqc_raw/T44N_TGACCA_L001_R1_001_fastqc.html fastqc_raw/T44N_TGACCA_L001_R1_001_fastqc.zip fastqc_raw/T44N_TGACCA_L001_R2_001_fastqc.html fastqc_raw/T44N_TGACCA_L001_R2_001_fastqc.zip fastqc_raw/T47A_GCCAAT_L001_R1_001_fastqc.html fastqc_raw/T47A_GCCAAT_L001_R1_001_fastqc.zip fastqc_raw/T47A_GCCAAT_L001_R2_001_fastqc.html fastqc_raw/T47A_GCCAAT_L001_R2_001_fastqc.zip fastqc_raw/T49A_CGATGT_L001_R1_001_fastqc.html fastqc_raw/T49A_CGATGT_L001_R1_001_fastqc.zip fastqc_raw/T49A_CGATGT_L001_R2_001_fastqc.html fastqc_raw/T49A_CGATGT_L001_R2_001_fastqc.zip -o multiqc_raw/
[2023-05-13 13:50:44,591] multiqc                                            [DEBUG  ]  Working dir : /localData/alunos/haniel.cedraz/bioinfo_gdma_2023
[2023-05-13 13:50:44,591] multiqc                                            [DEBUG  ]  Template    : default
[2023-05-13 13:50:44,591] multiqc                                            [DEBUG  ]  Running Python 3.7.4 (default, Aug 13 2019, 20:35:49)  [GCC 7.3.0]
[2023-05-13 13:50:44,592] multiqc                                            [DEBUG  ]  Analysing modules: custom_content, ccs, ngsderive, purple, conpair, lima, peddy, somalier, methylQA, mosdepth, phantompeakqualtools, qualimap, preseq, quast, qorts, rna_seqc, rockhopper, rsem, rseqc, busco, bustools, goleft_indexcov, gffcompare, disambiguate, supernova, deeptools, sargasso, verifybamid, mirtrace, happy, mirtop, sambamba, homer, hops, macs2, theta2, snpeff, gatk, htseq, bcftools, featureCounts, fgbio, dragen, dedup, damageprofiler, biobambam2, jcvi, mtnucratio, picard, vep, sentieon, prokka, qc3C, nanostat, samblaster, samtools, sexdeterrmine, eigenstratdatabasetools, bamtools, jellyfish, vcftools, longranger, stacks, varscan2, snippy, bbmap, bismark, biscuit, hicexplorer, hicup, hicpro, salmon, kallisto, slamdunk, star, hisat2, tophat, bowtie2, bowtie1, snpsplit, odgi, pangolin, kat, leehom, adapterRemoval, clipandmerge, cutadapt, flexbar, kaiju, kraken, malt, trimmomatic, sickle, skewer, sortmerna, biobloomtools, fastq_screen, afterqc, fastp, fastqc, pychopper, pycoqc, minionqc, multivcfanalyzer, clusterflow, bcl2fastq, bclconvert, interop, ivar, flash, seqyclean, optitype
[2023-05-13 13:50:44,592] multiqc                                            [DEBUG  ]  Using temporary directory for creating report: /tmp/tmppsnygg7k
[2023-05-13 13:50:44,820] multiqc                                            [INFO   ]  Search path : /localData/alunos/haniel.cedraz/bioinfo_gdma_2023/fastqc_raw/T16A_ACAGTG_L001_R1_001_fastqc.html
[2023-05-13 13:50:44,820] multiqc                                            [INFO   ]  Search path : /localData/alunos/haniel.cedraz/bioinfo_gdma_2023/fastqc_raw/T16A_ACAGTG_L001_R1_001_fastqc.zip
[2023-05-13 13:50:44,820] multiqc                                            [INFO   ]  Search path : /localData/alunos/haniel.cedraz/bioinfo_gdma_2023/fastqc_raw/T16A_ACAGTG_L001_R2_001_fastqc.html
[2023-05-13 13:50:44,820] multiqc                                            [INFO   ]  Search path : /localData/alunos/haniel.cedraz/bioinfo_gdma_2023/fastqc_raw/T16A_ACAGTG_L001_R2_001_fastqc.zip
[2023-05-13 13:50:44,820] multiqc                                            [INFO   ]  Search path : /localData/alunos/haniel.cedraz/bioinfo_gdma_2023/fastqc_raw/T17N_CAGATC_L001_R1_001_fastqc.html
[2023-05-13 13:50:44,820] multiqc                                            [INFO   ]  Search path : /localData/alunos/haniel.cedraz/bioinfo_gdma_2023/fastqc_raw/T17N_CAGATC_L001_R1_001_fastqc.zip
[2023-05-13 13:50:44,820] multiqc                                            [INFO   ]  Search path : /localData/alunos/haniel.cedraz/bioinfo_gdma_2023/fastqc_raw/T17N_CAGATC_L001_R2_001_fastqc.html
[2023-05-13 13:50:44,820] multiqc                                            [INFO   ]  Search path : /localData/alunos/haniel.cedraz/bioinfo_gdma_2023/fastqc_raw/T17N_CAGATC_L001_R2_001_fastqc.zip
[2023-05-13 13:50:44,820] multiqc                                            [INFO   ]  Search path : /localData/alunos/haniel.cedraz/bioinfo_gdma_2023/fastqc_raw/T42N_CTTGTA_L001_R1_001_fastqc.html
[2023-05-13 13:50:44,821] multiqc                                            [INFO   ]  Search path : /localData/alunos/haniel.cedraz/bioinfo_gdma_2023/fastqc_raw/T42N_CTTGTA_L001_R1_001_fastqc.zip
[2023-05-13 13:50:44,821] multiqc                                            [INFO   ]  Search path : /localData/alunos/haniel.cedraz/bioinfo_gdma_2023/fastqc_raw/T42N_CTTGTA_L001_R2_001_fastqc.html
[2023-05-13 13:50:44,821] multiqc                                            [INFO   ]  Search path : /localData/alunos/haniel.cedraz/bioinfo_gdma_2023/fastqc_raw/T42N_CTTGTA_L001_R2_001_fastqc.zip
[2023-05-13 13:50:44,821] multiqc                                            [INFO   ]  Search path : /localData/alunos/haniel.cedraz/bioinfo_gdma_2023/fastqc_raw/T44N_TGACCA_L001_R1_001_fastqc.html
[2023-05-13 13:50:44,821] multiqc                                            [INFO   ]  Search path : /localData/alunos/haniel.cedraz/bioinfo_gdma_2023/fastqc_raw/T44N_TGACCA_L001_R1_001_fastqc.zip
[2023-05-13 13:50:44,821] multiqc                                            [INFO   ]  Search path : /localData/alunos/haniel.cedraz/bioinfo_gdma_2023/fastqc_raw/T44N_TGACCA_L001_R2_001_fastqc.html
[2023-05-13 13:50:44,821] multiqc                                            [INFO   ]  Search path : /localData/alunos/haniel.cedraz/bioinfo_gdma_2023/fastqc_raw/T44N_TGACCA_L001_R2_001_fastqc.zip
[2023-05-13 13:50:44,821] multiqc                                            [INFO   ]  Search path : /localData/alunos/haniel.cedraz/bioinfo_gdma_2023/fastqc_raw/T47A_GCCAAT_L001_R1_001_fastqc.html
[2023-05-13 13:50:44,821] multiqc                                            [INFO   ]  Search path : /localData/alunos/haniel.cedraz/bioinfo_gdma_2023/fastqc_raw/T47A_GCCAAT_L001_R1_001_fastqc.zip
[2023-05-13 13:50:44,821] multiqc                                            [INFO   ]  Search path : /localData/alunos/haniel.cedraz/bioinfo_gdma_2023/fastqc_raw/T47A_GCCAAT_L001_R2_001_fastqc.html
[2023-05-13 13:50:44,821] multiqc                                            [INFO   ]  Search path : /localData/alunos/haniel.cedraz/bioinfo_gdma_2023/fastqc_raw/T47A_GCCAAT_L001_R2_001_fastqc.zip
[2023-05-13 13:50:44,821] multiqc                                            [INFO   ]  Search path : /localData/alunos/haniel.cedraz/bioinfo_gdma_2023/fastqc_raw/T49A_CGATGT_L001_R1_001_fastqc.html
[2023-05-13 13:50:44,821] multiqc                                            [INFO   ]  Search path : /localData/alunos/haniel.cedraz/bioinfo_gdma_2023/fastqc_raw/T49A_CGATGT_L001_R1_001_fastqc.zip
[2023-05-13 13:50:44,821] multiqc                                            [INFO   ]  Search path : /localData/alunos/haniel.cedraz/bioinfo_gdma_2023/fastqc_raw/T49A_CGATGT_L001_R2_001_fastqc.html
[2023-05-13 13:50:44,821] multiqc                                            [INFO   ]  Search path : /localData/alunos/haniel.cedraz/bioinfo_gdma_2023/fastqc_raw/T49A_CGATGT_L001_R2_001_fastqc.zip
[2023-05-13 13:50:44,851] multiqc                                            [DEBUG  ]  File ignored by ccs/v4 because it exceeded search pattern filesize limit: T16A_ACAGTG_L001_R1_001_fastqc.html
[2023-05-13 13:50:44,852] multiqc                                            [DEBUG  ]  File ignored by hicexplorer because it exceeded search pattern filesize limit: T16A_ACAGTG_L001_R1_001_fastqc.html
[2023-05-13 13:50:44,852] multiqc                                            [DEBUG  ]  File ignored by nanostat because it exceeded search pattern filesize limit: T16A_ACAGTG_L001_R1_001_fastqc.html
[2023-05-13 13:50:44,852] multiqc                                            [DEBUG  ]  File ignored by lima/summary because it exceeded search pattern filesize limit: T16A_ACAGTG_L001_R1_001_fastqc.html
[2023-05-13 13:50:44,854] multiqc                                            [DEBUG  ]  File ignored by vep/vep_txt because it exceeded search pattern filesize limit: T16A_ACAGTG_L001_R1_001_fastqc.html
[2023-05-13 13:50:44,854] multiqc                                            [DEBUG  ]  File ignored by longranger/invocation because it exceeded search pattern filesize limit: T16A_ACAGTG_L001_R1_001_fastqc.html
[2023-05-13 13:50:44,885] multiqc                                            [DEBUG  ]  File ignored by ccs/v4 because it exceeded search pattern filesize limit: T16A_ACAGTG_L001_R2_001_fastqc.html
[2023-05-13 13:50:44,886] multiqc                                            [DEBUG  ]  File ignored by hicexplorer because it exceeded search pattern filesize limit: T16A_ACAGTG_L001_R2_001_fastqc.html
[2023-05-13 13:50:44,886] multiqc                                            [DEBUG  ]  File ignored by nanostat because it exceeded search pattern filesize limit: T16A_ACAGTG_L001_R2_001_fastqc.html
[2023-05-13 13:50:44,886] multiqc                                            [DEBUG  ]  File ignored by lima/summary because it exceeded search pattern filesize limit: T16A_ACAGTG_L001_R2_001_fastqc.html
[2023-05-13 13:50:44,887] multiqc                                            [DEBUG  ]  File ignored by vep/vep_txt because it exceeded search pattern filesize limit: T16A_ACAGTG_L001_R2_001_fastqc.html
[2023-05-13 13:50:44,887] multiqc                                            [DEBUG  ]  File ignored by longranger/invocation because it exceeded search pattern filesize limit: T16A_ACAGTG_L001_R2_001_fastqc.html
[2023-05-13 13:50:44,917] multiqc                                            [DEBUG  ]  File ignored by ccs/v4 because it exceeded search pattern filesize limit: T17N_CAGATC_L001_R1_001_fastqc.html
[2023-05-13 13:50:44,917] multiqc                                            [DEBUG  ]  File ignored by hicexplorer because it exceeded search pattern filesize limit: T17N_CAGATC_L001_R1_001_fastqc.html
[2023-05-13 13:50:44,918] multiqc                                            [DEBUG  ]  File ignored by nanostat because it exceeded search pattern filesize limit: T17N_CAGATC_L001_R1_001_fastqc.html
[2023-05-13 13:50:44,918] multiqc                                            [DEBUG  ]  File ignored by lima/summary because it exceeded search pattern filesize limit: T17N_CAGATC_L001_R1_001_fastqc.html
[2023-05-13 13:50:44,919] multiqc                                            [DEBUG  ]  File ignored by vep/vep_txt because it exceeded search pattern filesize limit: T17N_CAGATC_L001_R1_001_fastqc.html
[2023-05-13 13:50:44,919] multiqc                                            [DEBUG  ]  File ignored by longranger/invocation because it exceeded search pattern filesize limit: T17N_CAGATC_L001_R1_001_fastqc.html
[2023-05-13 13:50:44,954] multiqc                                            [DEBUG  ]  File ignored by ccs/v4 because it exceeded search pattern filesize limit: T17N_CAGATC_L001_R2_001_fastqc.html
[2023-05-13 13:50:44,954] multiqc                                            [DEBUG  ]  File ignored by hicexplorer because it exceeded search pattern filesize limit: T17N_CAGATC_L001_R2_001_fastqc.html
[2023-05-13 13:50:44,954] multiqc                                            [DEBUG  ]  File ignored by nanostat because it exceeded search pattern filesize limit: T17N_CAGATC_L001_R2_001_fastqc.html
[2023-05-13 13:50:44,955] multiqc                                            [DEBUG  ]  File ignored by lima/summary because it exceeded search pattern filesize limit: T17N_CAGATC_L001_R2_001_fastqc.html
[2023-05-13 13:50:44,956] multiqc                                            [DEBUG  ]  File ignored by vep/vep_txt because it exceeded search pattern filesize limit: T17N_CAGATC_L001_R2_001_fastqc.html
[2023-05-13 13:50:44,956] multiqc                                            [DEBUG  ]  File ignored by longranger/invocation because it exceeded search pattern filesize limit: T17N_CAGATC_L001_R2_001_fastqc.html
[2023-05-13 13:50:44,985] multiqc                                            [DEBUG  ]  File ignored by ccs/v4 because it exceeded search pattern filesize limit: T42N_CTTGTA_L001_R1_001_fastqc.html
[2023-05-13 13:50:44,986] multiqc                                            [DEBUG  ]  File ignored by hicexplorer because it exceeded search pattern filesize limit: T42N_CTTGTA_L001_R1_001_fastqc.html
[2023-05-13 13:50:44,986] multiqc                                            [DEBUG  ]  File ignored by nanostat because it exceeded search pattern filesize limit: T42N_CTTGTA_L001_R1_001_fastqc.html
[2023-05-13 13:50:44,986] multiqc                                            [DEBUG  ]  File ignored by lima/summary because it exceeded search pattern filesize limit: T42N_CTTGTA_L001_R1_001_fastqc.html
[2023-05-13 13:50:44,987] multiqc                                            [DEBUG  ]  File ignored by vep/vep_txt because it exceeded search pattern filesize limit: T42N_CTTGTA_L001_R1_001_fastqc.html
[2023-05-13 13:50:44,987] multiqc                                            [DEBUG  ]  File ignored by longranger/invocation because it exceeded search pattern filesize limit: T42N_CTTGTA_L001_R1_001_fastqc.html
[2023-05-13 13:50:45,015] multiqc                                            [DEBUG  ]  File ignored by ccs/v4 because it exceeded search pattern filesize limit: T42N_CTTGTA_L001_R2_001_fastqc.html
[2023-05-13 13:50:45,016] multiqc                                            [DEBUG  ]  File ignored by hicexplorer because it exceeded search pattern filesize limit: T42N_CTTGTA_L001_R2_001_fastqc.html
[2023-05-13 13:50:45,016] multiqc                                            [DEBUG  ]  File ignored by nanostat because it exceeded search pattern filesize limit: T42N_CTTGTA_L001_R2_001_fastqc.html
[2023-05-13 13:50:45,016] multiqc                                            [DEBUG  ]  File ignored by lima/summary because it exceeded search pattern filesize limit: T42N_CTTGTA_L001_R2_001_fastqc.html
[2023-05-13 13:50:45,017] multiqc                                            [DEBUG  ]  File ignored by vep/vep_txt because it exceeded search pattern filesize limit: T42N_CTTGTA_L001_R2_001_fastqc.html
[2023-05-13 13:50:45,017] multiqc                                            [DEBUG  ]  File ignored by longranger/invocation because it exceeded search pattern filesize limit: T42N_CTTGTA_L001_R2_001_fastqc.html
[2023-05-13 13:50:45,053] multiqc                                            [DEBUG  ]  File ignored by ccs/v4 because it exceeded search pattern filesize limit: T44N_TGACCA_L001_R1_001_fastqc.html
[2023-05-13 13:50:45,053] multiqc                                            [DEBUG  ]  File ignored by hicexplorer because it exceeded search pattern filesize limit: T44N_TGACCA_L001_R1_001_fastqc.html
[2023-05-13 13:50:45,054] multiqc                                            [DEBUG  ]  File ignored by nanostat because it exceeded search pattern filesize limit: T44N_TGACCA_L001_R1_001_fastqc.html
[2023-05-13 13:50:45,054] multiqc                                            [DEBUG  ]  File ignored by lima/summary because it exceeded search pattern filesize limit: T44N_TGACCA_L001_R1_001_fastqc.html
[2023-05-13 13:50:45,055] multiqc                                            [DEBUG  ]  File ignored by vep/vep_txt because it exceeded search pattern filesize limit: T44N_TGACCA_L001_R1_001_fastqc.html
[2023-05-13 13:50:45,055] multiqc                                            [DEBUG  ]  File ignored by longranger/invocation because it exceeded search pattern filesize limit: T44N_TGACCA_L001_R1_001_fastqc.html
[2023-05-13 13:50:45,082] multiqc                                            [DEBUG  ]  File ignored by ccs/v4 because it exceeded search pattern filesize limit: T44N_TGACCA_L001_R2_001_fastqc.html
[2023-05-13 13:50:45,083] multiqc                                            [DEBUG  ]  File ignored by hicexplorer because it exceeded search pattern filesize limit: T44N_TGACCA_L001_R2_001_fastqc.html
[2023-05-13 13:50:45,083] multiqc                                            [DEBUG  ]  File ignored by nanostat because it exceeded search pattern filesize limit: T44N_TGACCA_L001_R2_001_fastqc.html
[2023-05-13 13:50:45,083] multiqc                                            [DEBUG  ]  File ignored by lima/summary because it exceeded search pattern filesize limit: T44N_TGACCA_L001_R2_001_fastqc.html
[2023-05-13 13:50:45,085] multiqc                                            [DEBUG  ]  File ignored by vep/vep_txt because it exceeded search pattern filesize limit: T44N_TGACCA_L001_R2_001_fastqc.html
[2023-05-13 13:50:45,085] multiqc                                            [DEBUG  ]  File ignored by longranger/invocation because it exceeded search pattern filesize limit: T44N_TGACCA_L001_R2_001_fastqc.html
[2023-05-13 13:50:45,114] multiqc                                            [DEBUG  ]  File ignored by ccs/v4 because it exceeded search pattern filesize limit: T47A_GCCAAT_L001_R1_001_fastqc.html
[2023-05-13 13:50:45,115] multiqc                                            [DEBUG  ]  File ignored by hicexplorer because it exceeded search pattern filesize limit: T47A_GCCAAT_L001_R1_001_fastqc.html
[2023-05-13 13:50:45,115] multiqc                                            [DEBUG  ]  File ignored by nanostat because it exceeded search pattern filesize limit: T47A_GCCAAT_L001_R1_001_fastqc.html
[2023-05-13 13:50:45,115] multiqc                                            [DEBUG  ]  File ignored by lima/summary because it exceeded search pattern filesize limit: T47A_GCCAAT_L001_R1_001_fastqc.html
[2023-05-13 13:50:45,116] multiqc                                            [DEBUG  ]  File ignored by vep/vep_txt because it exceeded search pattern filesize limit: T47A_GCCAAT_L001_R1_001_fastqc.html
[2023-05-13 13:50:45,116] multiqc                                            [DEBUG  ]  File ignored by longranger/invocation because it exceeded search pattern filesize limit: T47A_GCCAAT_L001_R1_001_fastqc.html
[2023-05-13 13:50:45,149] multiqc                                            [DEBUG  ]  File ignored by ccs/v4 because it exceeded search pattern filesize limit: T47A_GCCAAT_L001_R2_001_fastqc.html
[2023-05-13 13:50:45,150] multiqc                                            [DEBUG  ]  File ignored by hicexplorer because it exceeded search pattern filesize limit: T47A_GCCAAT_L001_R2_001_fastqc.html
[2023-05-13 13:50:45,150] multiqc                                            [DEBUG  ]  File ignored by nanostat because it exceeded search pattern filesize limit: T47A_GCCAAT_L001_R2_001_fastqc.html
[2023-05-13 13:50:45,150] multiqc                                            [DEBUG  ]  File ignored by lima/summary because it exceeded search pattern filesize limit: T47A_GCCAAT_L001_R2_001_fastqc.html
[2023-05-13 13:50:45,151] multiqc                                            [DEBUG  ]  File ignored by vep/vep_txt because it exceeded search pattern filesize limit: T47A_GCCAAT_L001_R2_001_fastqc.html
[2023-05-13 13:50:45,151] multiqc                                            [DEBUG  ]  File ignored by longranger/invocation because it exceeded search pattern filesize limit: T47A_GCCAAT_L001_R2_001_fastqc.html
[2023-05-13 13:50:45,180] multiqc                                            [DEBUG  ]  File ignored by ccs/v4 because it exceeded search pattern filesize limit: T49A_CGATGT_L001_R1_001_fastqc.html
[2023-05-13 13:50:45,181] multiqc                                            [DEBUG  ]  File ignored by hicexplorer because it exceeded search pattern filesize limit: T49A_CGATGT_L001_R1_001_fastqc.html
[2023-05-13 13:50:45,181] multiqc                                            [DEBUG  ]  File ignored by nanostat because it exceeded search pattern filesize limit: T49A_CGATGT_L001_R1_001_fastqc.html
[2023-05-13 13:50:45,181] multiqc                                            [DEBUG  ]  File ignored by lima/summary because it exceeded search pattern filesize limit: T49A_CGATGT_L001_R1_001_fastqc.html
[2023-05-13 13:50:45,182] multiqc                                            [DEBUG  ]  File ignored by vep/vep_txt because it exceeded search pattern filesize limit: T49A_CGATGT_L001_R1_001_fastqc.html
[2023-05-13 13:50:45,182] multiqc                                            [DEBUG  ]  File ignored by longranger/invocation because it exceeded search pattern filesize limit: T49A_CGATGT_L001_R1_001_fastqc.html
[2023-05-13 13:50:45,209] multiqc                                            [DEBUG  ]  File ignored by ccs/v4 because it exceeded search pattern filesize limit: T49A_CGATGT_L001_R2_001_fastqc.html
[2023-05-13 13:50:45,210] multiqc                                            [DEBUG  ]  File ignored by hicexplorer because it exceeded search pattern filesize limit: T49A_CGATGT_L001_R2_001_fastqc.html
[2023-05-13 13:50:45,210] multiqc                                            [DEBUG  ]  File ignored by nanostat because it exceeded search pattern filesize limit: T49A_CGATGT_L001_R2_001_fastqc.html
[2023-05-13 13:50:45,210] multiqc                                            [DEBUG  ]  File ignored by lima/summary because it exceeded search pattern filesize limit: T49A_CGATGT_L001_R2_001_fastqc.html
[2023-05-13 13:50:45,211] multiqc                                            [DEBUG  ]  File ignored by vep/vep_txt because it exceeded search pattern filesize limit: T49A_CGATGT_L001_R2_001_fastqc.html
[2023-05-13 13:50:45,211] multiqc                                            [DEBUG  ]  File ignored by longranger/invocation because it exceeded search pattern filesize limit: T49A_CGATGT_L001_R2_001_fastqc.html
[2023-05-13 13:50:45,390] multiqc.plots.bargraph                             [DEBUG  ]  Using matplotlib version 3.3.2
[2023-05-13 13:50:45,390] multiqc.plots.linegraph                            [DEBUG  ]  Using matplotlib version 3.3.2
[2023-05-13 13:50:45,391] multiqc                                            [DEBUG  ]  No samples found: custom_content
[2023-05-13 13:50:45,393] multiqc                                            [DEBUG  ]  No samples found: ccs
[2023-05-13 13:50:45,396] multiqc                                            [DEBUG  ]  No samples found: ngsderive
[2023-05-13 13:50:45,399] multiqc                                            [DEBUG  ]  No samples found: purple
[2023-05-13 13:50:45,401] multiqc                                            [DEBUG  ]  No samples found: conpair
[2023-05-13 13:50:45,404] multiqc                                            [DEBUG  ]  No samples found: lima
[2023-05-13 13:50:45,406] multiqc                                            [DEBUG  ]  No samples found: peddy
[2023-05-13 13:50:45,409] multiqc                                            [DEBUG  ]  No samples found: somalier
[2023-05-13 13:50:45,412] multiqc                                            [DEBUG  ]  No samples found: methylQA
[2023-05-13 13:50:45,415] multiqc.modules.mosdepth.mosdepth                  [DEBUG  ]  include_contigs: []
[2023-05-13 13:50:45,415] multiqc.modules.mosdepth.mosdepth                  [DEBUG  ]  exclude_contigs: []
[2023-05-13 13:50:45,415] multiqc                                            [DEBUG  ]  No samples found: mosdepth
[2023-05-13 13:50:45,417] multiqc                                            [DEBUG  ]  No samples found: phantompeakqualtools
[2023-05-13 13:50:45,420] multiqc                                            [DEBUG  ]  No samples found: qualimap
[2023-05-13 13:50:45,422] multiqc                                            [DEBUG  ]  No samples found: preseq
[2023-05-13 13:50:45,425] multiqc                                            [DEBUG  ]  No samples found: quast
[2023-05-13 13:50:45,428] multiqc                                            [DEBUG  ]  No samples found: qorts
[2023-05-13 13:50:45,430] multiqc                                            [DEBUG  ]  No samples found: rna_seqc
[2023-05-13 13:50:45,433] multiqc                                            [DEBUG  ]  No samples found: rockhopper
[2023-05-13 13:50:45,435] multiqc                                            [DEBUG  ]  No samples found: rsem
[2023-05-13 13:50:45,439] multiqc                                            [DEBUG  ]  No samples found: rseqc
[2023-05-13 13:50:45,441] multiqc                                            [DEBUG  ]  No samples found: busco
[2023-05-13 13:50:45,444] multiqc                                            [DEBUG  ]  No samples found: bustools
[2023-05-13 13:50:45,447] multiqc                                            [DEBUG  ]  No samples found: goleft_indexcov
[2023-05-13 13:50:45,449] multiqc                                            [DEBUG  ]  No samples found: gffcompare
[2023-05-13 13:50:45,452] multiqc                                            [DEBUG  ]  No samples found: disambiguate
[2023-05-13 13:50:45,455] multiqc                                            [DEBUG  ]  No samples found: supernova
[2023-05-13 13:50:45,458] multiqc                                            [DEBUG  ]  No samples found: deeptools
[2023-05-13 13:50:45,461] multiqc                                            [DEBUG  ]  No samples found: sargasso
[2023-05-13 13:50:45,464] multiqc                                            [DEBUG  ]  No samples found: verifybamid
[2023-05-13 13:50:45,466] multiqc                                            [DEBUG  ]  No samples found: mirtrace
[2023-05-13 13:50:45,469] multiqc                                            [DEBUG  ]  No samples found: happy
[2023-05-13 13:50:45,471] multiqc                                            [DEBUG  ]  No samples found: mirtop
[2023-05-13 13:50:45,474] multiqc                                            [DEBUG  ]  No samples found: sambamba
[2023-05-13 13:50:45,477] multiqc                                            [DEBUG  ]  No samples found: homer
[2023-05-13 13:50:45,479] multiqc                                            [DEBUG  ]  No samples found: hops
[2023-05-13 13:50:45,482] multiqc                                            [DEBUG  ]  No samples found: macs2
[2023-05-13 13:50:45,484] multiqc                                            [DEBUG  ]  No samples found: theta2
[2023-05-13 13:50:45,487] multiqc                                            [DEBUG  ]  No samples found: snpeff
[2023-05-13 13:50:45,490] multiqc                                            [DEBUG  ]  No samples found: gatk
[2023-05-13 13:50:45,492] multiqc                                            [DEBUG  ]  No samples found: htseq
[2023-05-13 13:50:45,495] multiqc                                            [DEBUG  ]  No samples found: bcftools
[2023-05-13 13:50:45,498] multiqc                                            [DEBUG  ]  No samples found: featureCounts
[2023-05-13 13:50:45,501] multiqc                                            [DEBUG  ]  No samples found: fgbio
[2023-05-13 13:50:45,527] multiqc                                            [DEBUG  ]  No samples found: dragen
[2023-05-13 13:50:45,530] multiqc                                            [DEBUG  ]  No samples found: dedup
[2023-05-13 13:50:45,532] multiqc                                            [DEBUG  ]  No samples found: damageprofiler
[2023-05-13 13:50:45,538] multiqc                                            [DEBUG  ]  No samples found: biobambam2
[2023-05-13 13:50:45,540] multiqc                                            [DEBUG  ]  No samples found: jcvi
[2023-05-13 13:50:45,543] multiqc                                            [DEBUG  ]  No samples found: mtnucratio
[2023-05-13 13:50:45,545] multiqc                                            [DEBUG  ]  No samples found: picard
[2023-05-13 13:50:45,548] multiqc                                            [DEBUG  ]  No samples found: vep
[2023-05-13 13:50:45,551] multiqc                                            [DEBUG  ]  No samples found: sentieon
[2023-05-13 13:50:45,553] multiqc                                            [DEBUG  ]  No samples found: prokka
[2023-05-13 13:50:45,556] multiqc                                            [DEBUG  ]  No samples found: qc3C
[2023-05-13 13:50:45,559] multiqc                                            [DEBUG  ]  No samples found: nanostat
[2023-05-13 13:50:45,561] multiqc                                            [DEBUG  ]  No samples found: samblaster
[2023-05-13 13:50:45,564] multiqc                                            [DEBUG  ]  No samples found: samtools
[2023-05-13 13:50:45,567] multiqc                                            [DEBUG  ]  No samples found: sexdeterrmine
[2023-05-13 13:50:45,569] multiqc                                            [DEBUG  ]  No samples found: eigenstratdatabasetools
[2023-05-13 13:50:45,572] multiqc                                            [DEBUG  ]  No samples found: bamtools
[2023-05-13 13:50:45,575] multiqc                                            [DEBUG  ]  No samples found: jellyfish
[2023-05-13 13:50:45,578] multiqc                                            [DEBUG  ]  No samples found: vcftools
[2023-05-13 13:50:45,580] multiqc                                            [DEBUG  ]  No samples found: longranger
[2023-05-13 13:50:45,583] multiqc                                            [DEBUG  ]  No samples found: stacks
[2023-05-13 13:50:45,585] multiqc                                            [DEBUG  ]  No samples found: varscan2
[2023-05-13 13:50:45,588] multiqc                                            [DEBUG  ]  No samples found: snippy
[2023-05-13 13:50:45,592] multiqc                                            [DEBUG  ]  No samples found: bbmap
[2023-05-13 13:50:45,594] multiqc                                            [DEBUG  ]  No samples found: bismark
[2023-05-13 13:50:45,597] multiqc                                            [DEBUG  ]  No samples found: biscuit
[2023-05-13 13:50:45,600] multiqc                                            [DEBUG  ]  No samples found: hicexplorer
[2023-05-13 13:50:45,602] multiqc                                            [DEBUG  ]  No samples found: hicup
[2023-05-13 13:50:45,605] multiqc                                            [DEBUG  ]  No samples found: hicpro
[2023-05-13 13:50:45,607] multiqc                                            [DEBUG  ]  No samples found: salmon
[2023-05-13 13:50:45,610] multiqc                                            [DEBUG  ]  No samples found: kallisto
[2023-05-13 13:50:45,613] multiqc                                            [DEBUG  ]  No samples found: slamdunk
[2023-05-13 13:50:45,615] multiqc                                            [DEBUG  ]  No samples found: star
[2023-05-13 13:50:45,618] multiqc                                            [DEBUG  ]  No samples found: hisat2
[2023-05-13 13:50:45,620] multiqc                                            [DEBUG  ]  No samples found: tophat
[2023-05-13 13:50:45,623] multiqc                                            [DEBUG  ]  No samples found: bowtie2
[2023-05-13 13:50:45,625] multiqc                                            [DEBUG  ]  No samples found: bowtie1
[2023-05-13 13:50:45,628] multiqc                                            [DEBUG  ]  No samples found: snpsplit
[2023-05-13 13:50:45,631] multiqc                                            [DEBUG  ]  No samples found: odgi
[2023-05-13 13:50:45,633] multiqc                                            [DEBUG  ]  No samples found: pangolin
[2023-05-13 13:50:45,636] multiqc                                            [DEBUG  ]  No samples found: kat
[2023-05-13 13:50:45,638] multiqc                                            [DEBUG  ]  No samples found: leehom
[2023-05-13 13:50:45,641] multiqc                                            [DEBUG  ]  No samples found: adapterRemoval
[2023-05-13 13:50:45,644] multiqc                                            [DEBUG  ]  No samples found: clipandmerge
[2023-05-13 13:50:45,646] multiqc                                            [DEBUG  ]  No samples found: cutadapt
[2023-05-13 13:50:45,649] multiqc                                            [DEBUG  ]  No samples found: flexbar
[2023-05-13 13:50:45,651] multiqc                                            [DEBUG  ]  No samples found: kaiju
[2023-05-13 13:50:45,654] multiqc                                            [DEBUG  ]  No samples found: kraken
[2023-05-13 13:50:45,657] multiqc                                            [DEBUG  ]  No samples found: malt
[2023-05-13 13:50:45,659] multiqc                                            [DEBUG  ]  No samples found: trimmomatic
[2023-05-13 13:50:45,662] multiqc                                            [DEBUG  ]  No samples found: sickle
[2023-05-13 13:50:45,664] multiqc                                            [DEBUG  ]  No samples found: skewer
[2023-05-13 13:50:45,667] multiqc                                            [DEBUG  ]  No samples found: sortmerna
[2023-05-13 13:50:45,669] multiqc                                            [DEBUG  ]  No samples found: biobloomtools
[2023-05-13 13:50:45,673] multiqc                                            [DEBUG  ]  No samples found: fastq_screen
[2023-05-13 13:50:45,676] multiqc                                            [DEBUG  ]  No samples found: afterqc
[2023-05-13 13:50:45,678] multiqc                                            [DEBUG  ]  No samples found: fastp
[2023-05-13 13:50:45,853] multiqc.modules.fastqc.fastqc                      [INFO   ]  Found 12 reports
[2023-05-13 13:50:45,966] multiqc                                            [DEBUG  ]  No samples found: pychopper
[2023-05-13 13:50:45,968] multiqc                                            [DEBUG  ]  No samples found: pycoqc
[2023-05-13 13:50:45,971] multiqc                                            [DEBUG  ]  No samples found: minionqc
[2023-05-13 13:50:45,973] multiqc                                            [DEBUG  ]  No samples found: multivcfanalyzer
[2023-05-13 13:50:45,976] multiqc                                            [DEBUG  ]  No samples found: clusterflow
[2023-05-13 13:50:45,979] multiqc                                            [DEBUG  ]  No samples found: bcl2fastq
[2023-05-13 13:50:45,981] multiqc                                            [DEBUG  ]  No samples found: bclconvert
[2023-05-13 13:50:45,984] multiqc                                            [DEBUG  ]  No samples found: interop
[2023-05-13 13:50:45,987] multiqc                                            [DEBUG  ]  No samples found: ivar
[2023-05-13 13:50:45,989] multiqc                                            [DEBUG  ]  No samples found: flash
[2023-05-13 13:50:45,992] multiqc                                            [DEBUG  ]  No samples found: seqyclean
[2023-05-13 13:50:45,994] multiqc                                            [DEBUG  ]  No samples found: optitype
[2023-05-13 13:50:46,005] multiqc                                            [INFO   ]  Compressing plot data
[2023-05-13 13:50:46,136] multiqc                                            [WARNING]  Previous MultiQC output found! Adjusting filenames..
[2023-05-13 13:50:46,136] multiqc                                            [WARNING]  Use -f or --force to overwrite existing reports instead
[2023-05-13 13:50:46,136] multiqc                                            [INFO   ]  Report      : multiqc_raw/multiqc_report_1.html
[2023-05-13 13:50:46,136] multiqc                                            [INFO   ]  Data        : multiqc_raw/multiqc_data_1
[2023-05-13 13:50:46,137] multiqc                                            [DEBUG  ]  Moving data file from '/tmp/tmppsnygg7k/multiqc_data' to 'multiqc_raw/multiqc_data_1'
[2023-05-13 13:50:46,209] multiqc                                            [INFO   ]  MultiQC complete
