[2023-05-13 12:15:17,489] multiqc                                            [DEBUG  ]  This is MultiQC v1.11
[2023-05-13 12:15:17,489] multiqc                                            [DEBUG  ]  No MultiQC config found: /home/haniel.cedraz/miniconda3/lib/python3.7/site-packages/multiqc_config.yaml
[2023-05-13 12:15:17,489] multiqc                                            [DEBUG  ]  No MultiQC config found: /home/haniel.cedraz/.multiqc_config.yaml
[2023-05-13 12:15:17,489] multiqc                                            [DEBUG  ]  No MultiQC config found: multiqc_config.yaml
[2023-05-13 12:15:17,489] multiqc                                            [DEBUG  ]  Command used: /home/haniel.cedraz/miniconda3/bin/multiqc fastqc_raw/T16A_ACAGTG_L001_R1_001_fastqc.html fastqc_raw/T16A_ACAGTG_L001_R1_001_fastqc.zip fastqc_raw/T16A_ACAGTG_L001_R2_001_fastqc.html fastqc_raw/T16A_ACAGTG_L001_R2_001_fastqc.zip -o multiqc_raw/
[2023-05-13 12:15:17,873] multiqc                                            [WARNING]  MultiQC Version v1.14 now available!
[2023-05-13 12:15:17,874] multiqc                                            [DEBUG  ]  Command     : /home/haniel.cedraz/miniconda3/bin/multiqc fastqc_raw/T16A_ACAGTG_L001_R1_001_fastqc.html fastqc_raw/T16A_ACAGTG_L001_R1_001_fastqc.zip fastqc_raw/T16A_ACAGTG_L001_R2_001_fastqc.html fastqc_raw/T16A_ACAGTG_L001_R2_001_fastqc.zip -o multiqc_raw/
[2023-05-13 12:15:17,874] multiqc                                            [DEBUG  ]  Working dir : /localData/alunos/haniel.cedraz/bioinfo_gdma_2023
[2023-05-13 12:15:17,874] multiqc                                            [DEBUG  ]  Template    : default
[2023-05-13 12:15:17,874] multiqc                                            [DEBUG  ]  Running Python 3.7.4 (default, Aug 13 2019, 20:35:49)  [GCC 7.3.0]
[2023-05-13 12:15:17,875] multiqc                                            [DEBUG  ]  Analysing modules: custom_content, ccs, ngsderive, purple, conpair, lima, peddy, somalier, methylQA, mosdepth, phantompeakqualtools, qualimap, preseq, quast, qorts, rna_seqc, rockhopper, rsem, rseqc, busco, bustools, goleft_indexcov, gffcompare, disambiguate, supernova, deeptools, sargasso, verifybamid, mirtrace, happy, mirtop, sambamba, homer, hops, macs2, theta2, snpeff, gatk, htseq, bcftools, featureCounts, fgbio, dragen, dedup, damageprofiler, biobambam2, jcvi, mtnucratio, picard, vep, sentieon, prokka, qc3C, nanostat, samblaster, samtools, sexdeterrmine, eigenstratdatabasetools, bamtools, jellyfish, vcftools, longranger, stacks, varscan2, snippy, bbmap, bismark, biscuit, hicexplorer, hicup, hicpro, salmon, kallisto, slamdunk, star, hisat2, tophat, bowtie2, bowtie1, snpsplit, odgi, pangolin, kat, leehom, adapterRemoval, clipandmerge, cutadapt, flexbar, kaiju, kraken, malt, trimmomatic, sickle, skewer, sortmerna, biobloomtools, fastq_screen, afterqc, fastp, fastqc, pychopper, pycoqc, minionqc, multivcfanalyzer, clusterflow, bcl2fastq, bclconvert, interop, ivar, flash, seqyclean, optitype
[2023-05-13 12:15:17,875] multiqc                                            [DEBUG  ]  Using temporary directory for creating report: /tmp/tmp5tm4wrvt
[2023-05-13 12:15:18,080] multiqc                                            [INFO   ]  Search path : /localData/alunos/haniel.cedraz/bioinfo_gdma_2023/fastqc_raw/T16A_ACAGTG_L001_R1_001_fastqc.html
[2023-05-13 12:15:18,080] multiqc                                            [INFO   ]  Search path : /localData/alunos/haniel.cedraz/bioinfo_gdma_2023/fastqc_raw/T16A_ACAGTG_L001_R1_001_fastqc.zip
[2023-05-13 12:15:18,080] multiqc                                            [INFO   ]  Search path : /localData/alunos/haniel.cedraz/bioinfo_gdma_2023/fastqc_raw/T16A_ACAGTG_L001_R2_001_fastqc.html
[2023-05-13 12:15:18,081] multiqc                                            [INFO   ]  Search path : /localData/alunos/haniel.cedraz/bioinfo_gdma_2023/fastqc_raw/T16A_ACAGTG_L001_R2_001_fastqc.zip
[2023-05-13 12:15:18,111] multiqc                                            [DEBUG  ]  File ignored by ccs/v4 because it exceeded search pattern filesize limit: T16A_ACAGTG_L001_R1_001_fastqc.html
[2023-05-13 12:15:18,112] multiqc                                            [DEBUG  ]  File ignored by hicexplorer because it exceeded search pattern filesize limit: T16A_ACAGTG_L001_R1_001_fastqc.html
[2023-05-13 12:15:18,113] multiqc                                            [DEBUG  ]  File ignored by nanostat because it exceeded search pattern filesize limit: T16A_ACAGTG_L001_R1_001_fastqc.html
[2023-05-13 12:15:18,113] multiqc                                            [DEBUG  ]  File ignored by lima/summary because it exceeded search pattern filesize limit: T16A_ACAGTG_L001_R1_001_fastqc.html
[2023-05-13 12:15:18,115] multiqc                                            [DEBUG  ]  File ignored by vep/vep_txt because it exceeded search pattern filesize limit: T16A_ACAGTG_L001_R1_001_fastqc.html
[2023-05-13 12:15:18,115] multiqc                                            [DEBUG  ]  File ignored by longranger/invocation because it exceeded search pattern filesize limit: T16A_ACAGTG_L001_R1_001_fastqc.html
[2023-05-13 12:15:18,148] multiqc                                            [DEBUG  ]  File ignored by ccs/v4 because it exceeded search pattern filesize limit: T16A_ACAGTG_L001_R2_001_fastqc.html
[2023-05-13 12:15:18,149] multiqc                                            [DEBUG  ]  File ignored by hicexplorer because it exceeded search pattern filesize limit: T16A_ACAGTG_L001_R2_001_fastqc.html
[2023-05-13 12:15:18,149] multiqc                                            [DEBUG  ]  File ignored by nanostat because it exceeded search pattern filesize limit: T16A_ACAGTG_L001_R2_001_fastqc.html
[2023-05-13 12:15:18,149] multiqc                                            [DEBUG  ]  File ignored by lima/summary because it exceeded search pattern filesize limit: T16A_ACAGTG_L001_R2_001_fastqc.html
[2023-05-13 12:15:18,150] multiqc                                            [DEBUG  ]  File ignored by vep/vep_txt because it exceeded search pattern filesize limit: T16A_ACAGTG_L001_R2_001_fastqc.html
[2023-05-13 12:15:18,150] multiqc                                            [DEBUG  ]  File ignored by longranger/invocation because it exceeded search pattern filesize limit: T16A_ACAGTG_L001_R2_001_fastqc.html
[2023-05-13 12:15:18,332] multiqc.plots.bargraph                             [DEBUG  ]  Using matplotlib version 3.3.2
[2023-05-13 12:15:18,332] multiqc.plots.linegraph                            [DEBUG  ]  Using matplotlib version 3.3.2
[2023-05-13 12:15:18,333] multiqc                                            [DEBUG  ]  No samples found: custom_content
[2023-05-13 12:15:18,336] multiqc                                            [DEBUG  ]  No samples found: ccs
[2023-05-13 12:15:18,338] multiqc                                            [DEBUG  ]  No samples found: ngsderive
[2023-05-13 12:15:18,341] multiqc                                            [DEBUG  ]  No samples found: purple
[2023-05-13 12:15:18,344] multiqc                                            [DEBUG  ]  No samples found: conpair
[2023-05-13 12:15:18,346] multiqc                                            [DEBUG  ]  No samples found: lima
[2023-05-13 12:15:18,349] multiqc                                            [DEBUG  ]  No samples found: peddy
[2023-05-13 12:15:18,351] multiqc                                            [DEBUG  ]  No samples found: somalier
[2023-05-13 12:15:18,354] multiqc                                            [DEBUG  ]  No samples found: methylQA
[2023-05-13 12:15:18,357] multiqc.modules.mosdepth.mosdepth                  [DEBUG  ]  include_contigs: []
[2023-05-13 12:15:18,357] multiqc.modules.mosdepth.mosdepth                  [DEBUG  ]  exclude_contigs: []
[2023-05-13 12:15:18,357] multiqc                                            [DEBUG  ]  No samples found: mosdepth
[2023-05-13 12:15:18,360] multiqc                                            [DEBUG  ]  No samples found: phantompeakqualtools
[2023-05-13 12:15:18,362] multiqc                                            [DEBUG  ]  No samples found: qualimap
[2023-05-13 12:15:18,365] multiqc                                            [DEBUG  ]  No samples found: preseq
[2023-05-13 12:15:18,368] multiqc                                            [DEBUG  ]  No samples found: quast
[2023-05-13 12:15:18,370] multiqc                                            [DEBUG  ]  No samples found: qorts
[2023-05-13 12:15:18,373] multiqc                                            [DEBUG  ]  No samples found: rna_seqc
[2023-05-13 12:15:18,376] multiqc                                            [DEBUG  ]  No samples found: rockhopper
[2023-05-13 12:15:18,378] multiqc                                            [DEBUG  ]  No samples found: rsem
[2023-05-13 12:15:18,382] multiqc                                            [DEBUG  ]  No samples found: rseqc
[2023-05-13 12:15:18,384] multiqc                                            [DEBUG  ]  No samples found: busco
[2023-05-13 12:15:18,387] multiqc                                            [DEBUG  ]  No samples found: bustools
[2023-05-13 12:15:18,390] multiqc                                            [DEBUG  ]  No samples found: goleft_indexcov
[2023-05-13 12:15:18,392] multiqc                                            [DEBUG  ]  No samples found: gffcompare
[2023-05-13 12:15:18,395] multiqc                                            [DEBUG  ]  No samples found: disambiguate
[2023-05-13 12:15:18,398] multiqc                                            [DEBUG  ]  No samples found: supernova
[2023-05-13 12:15:18,401] multiqc                                            [DEBUG  ]  No samples found: deeptools
[2023-05-13 12:15:18,404] multiqc                                            [DEBUG  ]  No samples found: sargasso
[2023-05-13 12:15:18,407] multiqc                                            [DEBUG  ]  No samples found: verifybamid
[2023-05-13 12:15:18,409] multiqc                                            [DEBUG  ]  No samples found: mirtrace
[2023-05-13 12:15:18,412] multiqc                                            [DEBUG  ]  No samples found: happy
[2023-05-13 12:15:18,414] multiqc                                            [DEBUG  ]  No samples found: mirtop
[2023-05-13 12:15:18,417] multiqc                                            [DEBUG  ]  No samples found: sambamba
[2023-05-13 12:15:18,420] multiqc                                            [DEBUG  ]  No samples found: homer
[2023-05-13 12:15:18,423] multiqc                                            [DEBUG  ]  No samples found: hops
[2023-05-13 12:15:18,425] multiqc                                            [DEBUG  ]  No samples found: macs2
[2023-05-13 12:15:18,428] multiqc                                            [DEBUG  ]  No samples found: theta2
[2023-05-13 12:15:18,431] multiqc                                            [DEBUG  ]  No samples found: snpeff
[2023-05-13 12:15:18,434] multiqc                                            [DEBUG  ]  No samples found: gatk
[2023-05-13 12:15:18,436] multiqc                                            [DEBUG  ]  No samples found: htseq
[2023-05-13 12:15:18,439] multiqc                                            [DEBUG  ]  No samples found: bcftools
[2023-05-13 12:15:18,441] multiqc                                            [DEBUG  ]  No samples found: featureCounts
[2023-05-13 12:15:18,445] multiqc                                            [DEBUG  ]  No samples found: fgbio
[2023-05-13 12:15:18,472] multiqc                                            [DEBUG  ]  No samples found: dragen
[2023-05-13 12:15:18,474] multiqc                                            [DEBUG  ]  No samples found: dedup
[2023-05-13 12:15:18,477] multiqc                                            [DEBUG  ]  No samples found: damageprofiler
[2023-05-13 12:15:18,483] multiqc                                            [DEBUG  ]  No samples found: biobambam2
[2023-05-13 12:15:18,485] multiqc                                            [DEBUG  ]  No samples found: jcvi
[2023-05-13 12:15:18,488] multiqc                                            [DEBUG  ]  No samples found: mtnucratio
[2023-05-13 12:15:18,490] multiqc                                            [DEBUG  ]  No samples found: picard
[2023-05-13 12:15:18,493] multiqc                                            [DEBUG  ]  No samples found: vep
[2023-05-13 12:15:18,496] multiqc                                            [DEBUG  ]  No samples found: sentieon
[2023-05-13 12:15:18,498] multiqc                                            [DEBUG  ]  No samples found: prokka
[2023-05-13 12:15:18,501] multiqc                                            [DEBUG  ]  No samples found: qc3C
[2023-05-13 12:15:18,504] multiqc                                            [DEBUG  ]  No samples found: nanostat
[2023-05-13 12:15:18,506] multiqc                                            [DEBUG  ]  No samples found: samblaster
[2023-05-13 12:15:18,510] multiqc                                            [DEBUG  ]  No samples found: samtools
[2023-05-13 12:15:18,512] multiqc                                            [DEBUG  ]  No samples found: sexdeterrmine
[2023-05-13 12:15:18,515] multiqc                                            [DEBUG  ]  No samples found: eigenstratdatabasetools
[2023-05-13 12:15:18,517] multiqc                                            [DEBUG  ]  No samples found: bamtools
[2023-05-13 12:15:18,520] multiqc                                            [DEBUG  ]  No samples found: jellyfish
[2023-05-13 12:15:18,523] multiqc                                            [DEBUG  ]  No samples found: vcftools
[2023-05-13 12:15:18,526] multiqc                                            [DEBUG  ]  No samples found: longranger
[2023-05-13 12:15:18,528] multiqc                                            [DEBUG  ]  No samples found: stacks
[2023-05-13 12:15:18,531] multiqc                                            [DEBUG  ]  No samples found: varscan2
[2023-05-13 12:15:18,534] multiqc                                            [DEBUG  ]  No samples found: snippy
[2023-05-13 12:15:18,537] multiqc                                            [DEBUG  ]  No samples found: bbmap
[2023-05-13 12:15:18,540] multiqc                                            [DEBUG  ]  No samples found: bismark
[2023-05-13 12:15:18,543] multiqc                                            [DEBUG  ]  No samples found: biscuit
[2023-05-13 12:15:18,546] multiqc                                            [DEBUG  ]  No samples found: hicexplorer
[2023-05-13 12:15:18,548] multiqc                                            [DEBUG  ]  No samples found: hicup
[2023-05-13 12:15:18,551] multiqc                                            [DEBUG  ]  No samples found: hicpro
[2023-05-13 12:15:18,553] multiqc                                            [DEBUG  ]  No samples found: salmon
[2023-05-13 12:15:18,556] multiqc                                            [DEBUG  ]  No samples found: kallisto
[2023-05-13 12:15:18,559] multiqc                                            [DEBUG  ]  No samples found: slamdunk
[2023-05-13 12:15:18,561] multiqc                                            [DEBUG  ]  No samples found: star
[2023-05-13 12:15:18,564] multiqc                                            [DEBUG  ]  No samples found: hisat2
[2023-05-13 12:15:18,566] multiqc                                            [DEBUG  ]  No samples found: tophat
[2023-05-13 12:15:18,569] multiqc                                            [DEBUG  ]  No samples found: bowtie2
[2023-05-13 12:15:18,572] multiqc                                            [DEBUG  ]  No samples found: bowtie1
[2023-05-13 12:15:18,574] multiqc                                            [DEBUG  ]  No samples found: snpsplit
[2023-05-13 12:15:18,577] multiqc                                            [DEBUG  ]  No samples found: odgi
[2023-05-13 12:15:18,579] multiqc                                            [DEBUG  ]  No samples found: pangolin
[2023-05-13 12:15:18,582] multiqc                                            [DEBUG  ]  No samples found: kat
[2023-05-13 12:15:18,584] multiqc                                            [DEBUG  ]  No samples found: leehom
[2023-05-13 12:15:18,587] multiqc                                            [DEBUG  ]  No samples found: adapterRemoval
[2023-05-13 12:15:18,590] multiqc                                            [DEBUG  ]  No samples found: clipandmerge
[2023-05-13 12:15:18,593] multiqc                                            [DEBUG  ]  No samples found: cutadapt
[2023-05-13 12:15:18,595] multiqc                                            [DEBUG  ]  No samples found: flexbar
[2023-05-13 12:15:18,598] multiqc                                            [DEBUG  ]  No samples found: kaiju
[2023-05-13 12:15:18,601] multiqc                                            [DEBUG  ]  No samples found: kraken
[2023-05-13 12:15:18,603] multiqc                                            [DEBUG  ]  No samples found: malt
[2023-05-13 12:15:18,606] multiqc                                            [DEBUG  ]  No samples found: trimmomatic
[2023-05-13 12:15:18,608] multiqc                                            [DEBUG  ]  No samples found: sickle
[2023-05-13 12:15:18,611] multiqc                                            [DEBUG  ]  No samples found: skewer
[2023-05-13 12:15:18,613] multiqc                                            [DEBUG  ]  No samples found: sortmerna
[2023-05-13 12:15:18,616] multiqc                                            [DEBUG  ]  No samples found: biobloomtools
[2023-05-13 12:15:18,619] multiqc                                            [DEBUG  ]  No samples found: fastq_screen
[2023-05-13 12:15:18,621] multiqc                                            [DEBUG  ]  No samples found: afterqc
[2023-05-13 12:15:18,624] multiqc                                            [DEBUG  ]  No samples found: fastp
[2023-05-13 12:15:18,656] multiqc.modules.fastqc.fastqc                      [INFO   ]  Found 2 reports
[2023-05-13 12:15:18,694] multiqc                                            [DEBUG  ]  No samples found: pychopper
[2023-05-13 12:15:18,696] multiqc                                            [DEBUG  ]  No samples found: pycoqc
[2023-05-13 12:15:18,699] multiqc                                            [DEBUG  ]  No samples found: minionqc
[2023-05-13 12:15:18,701] multiqc                                            [DEBUG  ]  No samples found: multivcfanalyzer
[2023-05-13 12:15:18,704] multiqc                                            [DEBUG  ]  No samples found: clusterflow
[2023-05-13 12:15:18,707] multiqc                                            [DEBUG  ]  No samples found: bcl2fastq
[2023-05-13 12:15:18,709] multiqc                                            [DEBUG  ]  No samples found: bclconvert
[2023-05-13 12:15:18,712] multiqc                                            [DEBUG  ]  No samples found: interop
[2023-05-13 12:15:18,714] multiqc                                            [DEBUG  ]  No samples found: ivar
[2023-05-13 12:15:18,717] multiqc                                            [DEBUG  ]  No samples found: flash
[2023-05-13 12:15:18,720] multiqc                                            [DEBUG  ]  No samples found: seqyclean
[2023-05-13 12:15:18,722] multiqc                                            [DEBUG  ]  No samples found: optitype
[2023-05-13 12:15:18,725] multiqc                                            [INFO   ]  Compressing plot data
[2023-05-13 12:15:18,751] multiqc                                            [INFO   ]  Report      : multiqc_raw/multiqc_report.html
[2023-05-13 12:15:18,751] multiqc                                            [INFO   ]  Data        : multiqc_raw/multiqc_data
[2023-05-13 12:15:18,751] multiqc                                            [DEBUG  ]  Moving data file from '/tmp/tmp5tm4wrvt/multiqc_data' to 'multiqc_raw/multiqc_data'
[2023-05-13 12:15:18,825] multiqc                                            [INFO   ]  MultiQC complete
