STAR version=2.7.10a
STAR compilation time,server,dir=2022-01-14T18:50:00-05:00 :/home/dobin/data/STAR/STARcode/STAR.master/source
STAR git: On branch master ; commit ae26add7ea1724f3281ec8abedb71bcff6a4ae73 ; diff files: CHANGES.md README.md RELEASEnotes.md doc/STARmanual.pdf extras/doc-latex/STARmanual.tex extras/doc-latex/convertParDefToLatexTable.awk extras/doc-latex/parametersDefault.tex extras/docker/Dockerfile source/VERSION 
##### Command Line:
STAR --genomeDir reference_genome/index_STAR --readFilesCommand zcat --readFilesIn 01-CleanedReads/T16A-500K_L001_PE1.fastq.gz 01-CleanedReads/T16A-500K_L001_PE2.fastq.gz --outSAMtype BAM Unsorted SortedByCoordinate --sjdbGTFfile reference_genome/Gallus_gallus.bGalGal1.mat.broiler.GRCg7b.109.gtf --quantMode GeneCounts --outFileNamePrefix 02-MappedReads/T16A-500K_
##### Initial USER parameters from Command Line:
outFileNamePrefix                 02-MappedReads/T16A-500K_
###### All USER parameters from Command Line:
genomeDir                     reference_genome/index_STAR     ~RE-DEFINED
readFilesCommand              zcat        ~RE-DEFINED
readFilesIn                   01-CleanedReads/T16A-500K_L001_PE1.fastq.gz   01-CleanedReads/T16A-500K_L001_PE2.fastq.gz        ~RE-DEFINED
outSAMtype                    BAM   Unsorted   SortedByCoordinate        ~RE-DEFINED
sjdbGTFfile                   reference_genome/Gallus_gallus.bGalGal1.mat.broiler.GRCg7b.109.gtf     ~RE-DEFINED
quantMode                     GeneCounts        ~RE-DEFINED
outFileNamePrefix             02-MappedReads/T16A-500K_     ~RE-DEFINED
##### Finished reading parameters from all sources

##### Final user re-defined parameters-----------------:
genomeDir                         reference_genome/index_STAR
readFilesIn                       01-CleanedReads/T16A-500K_L001_PE1.fastq.gz   01-CleanedReads/T16A-500K_L001_PE2.fastq.gz   
readFilesCommand                  zcat   
outFileNamePrefix                 02-MappedReads/T16A-500K_
outSAMtype                        BAM   Unsorted   SortedByCoordinate   
sjdbGTFfile                       reference_genome/Gallus_gallus.bGalGal1.mat.broiler.GRCg7b.109.gtf
quantMode                         GeneCounts   

-------------------------------
##### Final effective command line:
STAR   --genomeDir reference_genome/index_STAR   --readFilesIn 01-CleanedReads/T16A-500K_L001_PE1.fastq.gz   01-CleanedReads/T16A-500K_L001_PE2.fastq.gz      --readFilesCommand zcat      --outFileNamePrefix 02-MappedReads/T16A-500K_   --outSAMtype BAM   Unsorted   SortedByCoordinate      --sjdbGTFfile reference_genome/Gallus_gallus.bGalGal1.mat.broiler.GRCg7b.109.gtf   --quantMode GeneCounts   
----------------------------------------

Number of fastq files for each mate = 1

   Input read files for mate 1 :
-rw-rw-r--. 1 haniel.cedraz alunos 15190042 Mai 13 14:39 01-CleanedReads/T16A-500K_L001_PE1.fastq.gz

   readsCommandsFile:
exec > "02-MappedReads/T16A-500K__STARtmp/tmp.fifo.read1"
echo FILE 0
zcat      "01-CleanedReads/T16A-500K_L001_PE1.fastq.gz"


   Input read files for mate 2 :
-rw-rw-r--. 1 haniel.cedraz alunos 15192752 Mai 13 14:39 01-CleanedReads/T16A-500K_L001_PE2.fastq.gz

   readsCommandsFile:
exec > "02-MappedReads/T16A-500K__STARtmp/tmp.fifo.read2"
echo FILE 0
zcat      "01-CleanedReads/T16A-500K_L001_PE2.fastq.gz"

ParametersSolo: --soloCellFilterType CellRanger2.2 filtering parameters:  3000 0.99 10
WARNING: --limitBAMsortRAM=0, will use genome size as RAM limit for BAM sorting
Finished loading and checking parameters
Reading genome generation parameters:
### STAR   --runMode genomeGenerate      --runThreadN 80   --genomeDir reference_genome/index_STAR   --genomeFastaFiles reference_genome/Gallus_gallus.bGalGal1.mat.broiler.GRCg7b.dna.toplevel.fa      --genomeSAindexNbases 13   --sjdbGTFfile reference_genome/Gallus_gallus.bGalGal1.mat.broiler.GRCg7b.109.gtf   --sjdbOverhang 100
### GstrandBit=32
versionGenome                 2.7.4a     ~RE-DEFINED
genomeType                    Full     ~RE-DEFINED
genomeFastaFiles              reference_genome/Gallus_gallus.bGalGal1.mat.broiler.GRCg7b.dna.toplevel.fa        ~RE-DEFINED
genomeSAindexNbases           13     ~RE-DEFINED
genomeChrBinNbits             18     ~RE-DEFINED
genomeSAsparseD               1     ~RE-DEFINED
genomeTransformType           None     ~RE-DEFINED
genomeTransformVCF            -     ~RE-DEFINED
sjdbOverhang                  100     ~RE-DEFINED
sjdbFileChrStartEnd           -        ~RE-DEFINED
sjdbGTFfile                   reference_genome/Gallus_gallus.bGalGal1.mat.broiler.GRCg7b.109.gtf     ~RE-DEFINED
sjdbGTFchrPrefix              -     ~RE-DEFINED
sjdbGTFfeatureExon            exon     ~RE-DEFINED
sjdbGTFtagExonParentTranscripttranscript_id     ~RE-DEFINED
sjdbGTFtagExonParentGene      gene_id     ~RE-DEFINED
sjdbInsertSave                Basic     ~RE-DEFINED
genomeFileSizes               1143330824   9082686768        ~RE-DEFINED
Genome version is compatible with current STAR
Number of real (reference) chromosomes= 214
1	1	196449156	0
2	2	149539284	196608000
3	3	110642502	346292224
4	4	90861225	457179136
5	5	59506338	548143104
6	6	36220557	607649792
7	7	36382834	644087808
8	8	29578256	680525824
9	9	23733309	710148096
10	10	20453248	734003200
11	11	19638187	754712576
12	12	20119077	774373376
13	13	17905061	794558464
14	14	15331188	812646400
15	15	12703657	828112896
16	16	2706039	840957952
17	17	11092391	843841536
18	18	11623896	855113728
19	19	10455293	866910208
20	20	14265659	877395968
21	21	6970754	891813888
22	22	4686657	898891776
23	23	6253421	903610368
24	24	6478339	909901824
25	25	3067737	916455424
26	26	5349051	919601152
27	27	5228753	925106176
28	28	5437364	930349056
29	29	726478	935854080
30	30	755666	936640512
31	31	2457334	937426944
32	32	125424	940048384
33	33	3839931	940310528
34	34	3469343	944242688
35	35	554126	947912704
36	36	358375	948699136
37	37	157853	949223424
38	38	667312	949485568
39	39	177356	950272000
40	W	9109940	950534144
41	Z	86044486	959709184
42	MT	16784	1045954560
43	MU179268.1	454552	1046216704
44	MU179272.1	447004	1046740992
45	MU179273.1	279492	1047265280
46	MU179261.1	259507	1047789568
47	MU179263.1	244274	1048051712
48	MU179277.1	243023	1048313856
49	MU179278.1	239848	1048576000
50	MU179258.1	236755	1048838144
51	MU179274.1	219221	1049100288
52	JAENSK010000538.1	184108	1049362432
53	JAENSK010000459.1	183934	1049624576
54	MU179266.1	179921	1049886720
55	JAENSK010000565.1	172381	1050148864
56	MU179269.1	157377	1050411008
57	JAENSK010000461.1	147375	1050673152
58	MU179276.1	145889	1050935296
59	MU179275.1	142519	1051197440
60	MU179270.1	139882	1051459584
61	MU179264.1	135931	1051721728
62	JAENSK010000584.1	132137	1051983872
63	JAENSK010000603.1	128647	1052246016
64	JAENSK010000462.1	123103	1052508160
65	JAENSK010000484.1	122554	1052770304
66	JAENSK010000547.1	121826	1053032448
67	JAENSK010000573.1	121294	1053294592
68	JAENSK010000539.1	107179	1053556736
69	MU179259.1	105159	1053818880
70	JAENSK010000419.1	105149	1054081024
71	JAENSK010000526.1	103662	1054343168
72	JAENSK010000532.1	102867	1054605312
73	JAENSK010000580.1	102453	1054867456
74	JAENSK010000602.1	99652	1055129600
75	MU179260.1	99000	1055391744
76	JAENSK010000527.1	96352	1055653888
77	JAENSK010000606.1	95042	1055916032
78	JAENSK010000607.1	94594	1056178176
79	MU179279.1	92785	1056440320
80	JAENSK010000601.1	91947	1056702464
81	MU179265.1	90962	1056964608
82	JAENSK010000409.1	89875	1057226752
83	MU179271.1	88251	1057488896
84	JAENSK010000541.1	83855	1057751040
85	MU179262.1	83545	1058013184
86	JAENSK010000585.1	82910	1058275328
87	JAENSK010000600.1	77924	1058537472
88	JAENSK010000608.1	77453	1058799616
89	JAENSK010000002.1	76880	1059061760
90	JAENSK010000296.1	76531	1059323904
91	JAENSK010000579.1	76213	1059586048
92	JAENSK010000598.1	75927	1059848192
93	JAENSK010000533.1	75790	1060110336
94	JAENSK010000604.1	73711	1060372480
95	JAENSK010000609.1	73086	1060634624
96	JAENSK010000543.1	72665	1060896768
97	JAENSK010000416.1	72078	1061158912
98	JAENSK010000596.1	71264	1061421056
99	JAENSK010000540.1	70535	1061683200
100	JAENSK010000420.1	70221	1061945344
101	JAENSK010000544.1	68472	1062207488
102	JAENSK010000610.1	66990	1062469632
103	JAENSK010000546.1	65185	1062731776
104	JAENSK010000291.1	64959	1062993920
105	JAENSK010000611.1	64784	1063256064
106	MU179267.1	63726	1063518208
107	JAENSK010000542.1	62949	1063780352
108	JAENSK010000437.1	62499	1064042496
109	JAENSK010000466.1	61860	1064304640
110	JAENSK010000612.1	61262	1064566784
111	JAENSK010000613.1	60993	1064828928
112	JAENSK010000483.1	60241	1065091072
113	JAENSK010000614.1	60148	1065353216
114	JAENSK010000534.1	59700	1065615360
115	JAENSK010000615.1	58765	1065877504
116	JAENSK010000616.1	57327	1066139648
117	JAENSK010000617.1	57283	1066401792
118	JAENSK010000571.1	56807	1066663936
119	JAENSK010000572.1	56774	1066926080
120	JAENSK010000465.1	56291	1067188224
121	JAENSK010000460.1	56170	1067450368
122	JAENSK010000618.1	55004	1067712512
123	JAENSK010000417.1	54963	1067974656
124	JAENSK010000599.1	54073	1068236800
125	JAENSK010000410.1	52746	1068498944
126	JAENSK010000448.1	52716	1068761088
127	JAENSK010000384.1	52620	1069023232
128	JAENSK010000438.1	52169	1069285376
129	JAENSK010000619.1	51700	1069547520
130	JAENSK010000581.1	51278	1069809664
131	JAENSK010000034.1	50781	1070071808
132	JAENSK010000605.1	50063	1070333952
133	JAENSK010000621.1	49896	1070596096
134	JAENSK010000620.1	49878	1070858240
135	JAENSK010000622.1	49236	1071120384
136	JAENSK010000623.1	48223	1071382528
137	JAENSK010000568.1	48159	1071644672
138	JAENSK010000624.1	48023	1071906816
139	JAENSK010000625.1	47344	1072168960
140	JAENSK010000626.1	47336	1072431104
141	JAENSK010000576.1	46453	1072693248
142	JAENSK010000627.1	45670	1072955392
143	JAENSK010000586.1	45339	1073217536
144	JAENSK010000628.1	44737	1073479680
145	JAENSK010000629.1	44416	1073741824
146	JAENSK010000630.1	44091	1074003968
147	JAENSK010000452.1	44029	1074266112
148	JAENSK010000545.1	43858	1074528256
149	JAENSK010000592.1	43833	1074790400
150	JAENSK010000631.1	43804	1075052544
151	JAENSK010000632.1	43447	1075314688
152	JAENSK010000418.1	43198	1075576832
153	JAENSK010000001.1	42181	1075838976
154	JAENSK010000633.1	41869	1076101120
155	JAENSK010000634.1	41187	1076363264
156	JAENSK010000635.1	40905	1076625408
157	JAENSK010000636.1	40485	1076887552
158	JAENSK010000477.1	39716	1077149696
159	JAENSK010000478.1	39622	1077411840
160	JAENSK010000383.1	39239	1077673984
161	JAENSK010000637.1	38749	1077936128
162	JAENSK010000033.1	38338	1078198272
163	JAENSK010000638.1	38267	1078460416
164	JAENSK010000639.1	38098	1078722560
165	JAENSK010000593.1	37288	1078984704
166	JAENSK010000640.1	37156	1079246848
167	JAENSK010000587.1	37135	1079508992
168	JAENSK010000594.1	36282	1079771136
169	JAENSK010000642.1	36169	1080033280
170	JAENSK010000641.1	36049	1080295424
171	JAENSK010000597.1	35936	1080557568
172	JAENSK010000595.1	35597	1080819712
173	JAENSK010000643.1	34455	1081081856
174	JAENSK010000644.1	32761	1081344000
175	JAENSK010000645.1	32129	1081606144
176	JAENSK010000449.1	31960	1081868288
177	JAENSK010000646.1	29996	1082130432
178	JAENSK010000647.1	29845	1082392576
179	JAENSK010000648.1	29612	1082654720
180	JAENSK010000479.1	28486	1082916864
181	JAENSK010000588.1	28217	1083179008
182	JAENSK010000589.1	27687	1083441152
183	JAENSK010000295.1	27394	1083703296
184	JAENSK010000649.1	27008	1083965440
185	JAENSK010000650.1	26690	1084227584
186	JAENSK010000651.1	26680	1084489728
187	JAENSK010000652.1	25600	1084751872
188	JAENSK010000653.1	25356	1085014016
189	JAENSK010000654.1	24872	1085276160
190	JAENSK010000082.1	24491	1085538304
191	JAENSK010000655.1	24165	1085800448
192	JAENSK010000294.1	24076	1086062592
193	JAENSK010000083.1	23670	1086324736
194	JAENSK010000656.1	23651	1086586880
195	JAENSK010000657.1	22200	1086849024
196	JAENSK010000658.1	20719	1087111168
197	JAENSK010000659.1	20625	1087373312
198	JAENSK010000660.1	20391	1087635456
199	JAENSK010000661.1	20277	1087897600
200	JAENSK010000662.1	17176	1088159744
201	JAENSK010000663.1	16695	1088421888
202	JAENSK010000664.1	15631	1088684032
203	JAENSK010000665.1	13796	1088946176
204	JAENSK010000666.1	9587	1089208320
205	JAENSK010000667.1	9004	1089470464
206	JAENSK010000668.1	5394	1089732608
207	JAENSK010000669.1	4183	1089994752
208	JAENSK010000670.1	3676	1090256896
209	JAENSK010000671.1	3291	1090519040
210	JAENSK010000672.1	2948	1090781184
211	JAENSK010000673.1	2415	1091043328
212	JAENSK010000674.1	2044	1091305472
213	JAENSK010000675.1	1713	1091567616
214	JAENSK010000676.1	1437	1091829760
--sjdbOverhang = 100 taken from the generated genome
Started loading the genome: Sat May 13 18:11:01 2023

Genome: size given as a parameter = 1143330824
SA: size given as a parameter = 9082686768
SAindex: size given as a parameter = 1
Read from SAindex: pGe.gSAindexNbases=13  nSAi=89478484
nGenome=1143330824;  nSAbyte=9082686768
GstrandBit=32   SA number of indices=2201863458
Shared memory is not used for genomes. Allocated a private copy of the genome.
Genome file size: 1143330824 bytes; state: good=1 eof=0 fail=0 bad=0
Loading Genome ... done! state: good=1 eof=0 fail=0 bad=0; loaded 1143330824 bytes
SA file size: 9082686768 bytes; state: good=1 eof=0 fail=0 bad=0
Loading SA ... done! state: good=1 eof=0 fail=0 bad=0; loaded 9082686768 bytes
Loading SAindex ... done: 391468491 bytes
Finished loading the genome: Sat May 13 18:11:06 2023

Processing splice junctions database sjdbN=254920,   pGe.sjdbOverhang=100 
alignIntronMax=alignMatesGapMax=0, the max intron size will be approximately determined by (2^winBinNbits)*winAnchorDistNbins=589824
May 13 18:11:06   Loaded database junctions from the generated genome reference_genome/index_STAR//sjdbList.out.tab: 254920 total junctions

May 13 18:11:06 ..... processing annotations GTF
Processing pGe.sjdbGTFfile=reference_genome/Gallus_gallus.bGalGal1.mat.broiler.GRCg7b.109.gtf, found:
		72689 transcripts
		645197 exons (non-collapsed)
		254930 collapsed junctions
Total junctions: 509850
May 13 18:11:11 ..... finished GTF processing

May 13 18:11:11   Finished preparing junctions
May 13 18:11:11 ..... inserting junctions into the genome indices
May 13 18:11:13   Finished SA search: number of new junctions=0, old junctions=254920
May 13 18:11:13   Finished sorting SA indicesL nInd=0
Genome size with junctions=1143330824  1092091904   51238920
GstrandBit1=32   GstrandBit=32
May 13 18:11:42   Finished inserting junction indices
May 13 18:11:42   Finished SAi
May 13 18:11:43 ..... finished inserting junctions into genome
Starting to map file # 0
mate 1:   01-CleanedReads/T16A-500K_L001_PE1.fastq.gz
mate 2:   01-CleanedReads/T16A-500K_L001_PE2.fastq.gz
BAM sorting: 187279 mapped reads
BAM sorting bins genomic start loci:
1	0	44451366
2	0	61717103
3	0	104105651
4	0	140299529
5	0	195195091
6	1	19705083
7	1	23495775
8	1	23507910
9	1	23514273
10	1	62706437
11	1	126562721
12	2	16725577
13	2	57227895
14	2	81195367
15	3	1478620
16	3	33639267
17	3	54219634
18	4	2975266
19	4	24068913
20	4	51121004
21	5	21748741
22	6	7275769
23	7	2621159
24	7	24242973
25	8	15606507
26	9	8761673
27	10	8020698
28	11	9188196
29	12	12527997
30	13	837189
31	13	12741234
32	14	12593544
33	16	9422630
34	18	261435
35	19	2460529
36	20	3584285
37	22	2846061
38	24	1875706
39	26	891658
40	26	2744188
41	26	2751401
42	26	2754038
43	27	3685533
44	33	1530140
45	38	40314
46	40	15276062
47	40	72242135
48	41	8179
Thread #0 end of input stream, nextChar=-1
Completed: thread #0
May 13 18:12:10 ..... started sorting BAM
Max memory needed for sorting = 2915580
ALL DONE!
