                                 Started job on |	May 13 18:11:01
                             Started mapping on |	May 13 18:11:43
                                    Finished on |	May 13 18:12:14
       Mapping speed, Million of reads per hour |	28.77

                          Number of input reads |	247775
                      Average input read length |	198
                                    UNIQUE READS:
                   Uniquely mapped reads number |	233832
                        Uniquely mapped reads % |	94.37%
                          Average mapped length |	195.65
                       Number of splices: Total |	187421
            Number of splices: Annotated (sjdb) |	182444
                       Number of splices: GT/AG |	185732
                       Number of splices: GC/AG |	1274
                       Number of splices: AT/AC |	94
               Number of splices: Non-canonical |	321
                      Mismatch rate per base, % |	0.34%
                         Deletion rate per base |	0.02%
                        Deletion average length |	2.02
                        Insertion rate per base |	0.01%
                       Insertion average length |	1.80
                             MULTI-MAPPING READS:
        Number of reads mapped to multiple loci |	2846
             % of reads mapped to multiple loci |	1.15%
        Number of reads mapped to too many loci |	1400
             % of reads mapped to too many loci |	0.57%
                                  UNMAPPED READS:
  Number of reads unmapped: too many mismatches |	0
       % of reads unmapped: too many mismatches |	0.00%
            Number of reads unmapped: too short |	9425
                 % of reads unmapped: too short |	3.80%
                Number of reads unmapped: other |	272
                     % of reads unmapped: other |	0.11%
                                  CHIMERIC READS:
                       Number of chimeric reads |	0
                            % of chimeric reads |	0.00%
